2023-06-29 22:42:13,632 - logger_ser - ERROR - app.ocr_type_document():76 - Id not found!
2023-06-29 22:42:13,633 - logger_ser - ERROR - app.ocr_type_document():86 - 
Traceback (most recent call last):
  File "/media/HDD1/hai/api-server-template/server/app.py", line 77, in ocr_type_document
    raise Exception
Exception
2023-06-29 22:42:38,009 - logger_ser - ERROR - app.ocr_type_document():76 - Id not found!
2023-06-29 22:42:38,010 - logger_ser - ERROR - app.ocr_type_document():86 - 
Traceback (most recent call last):
  File "/media/HDD1/hai/api-server-template/server/app.py", line 77, in ocr_type_document
    raise Exception
Exception
2023-06-29 22:48:26,626 - logger_ser - ERROR - app.ocr_type_document():76 - Id not found!
2023-06-29 22:48:26,627 - logger_ser - ERROR - app.ocr_type_document():86 - 
Traceback (most recent call last):
  File "/media/HDD1/hai/api-server-template/server/app.py", line 77, in ocr_type_document
    raise Exception
Exception
2023-06-29 22:48:38,096 - logger_ser - ERROR - app.ocr_type_document():76 - Id not found!
2023-06-29 22:48:38,096 - logger_ser - ERROR - app.ocr_type_document():86 - 
Traceback (most recent call last):
  File "/media/HDD1/hai/api-server-template/server/app.py", line 77, in ocr_type_document
    raise Exception
Exception
2023-06-29 22:49:00,378 - logger_ser - ERROR - app.ocr_type_document():76 - Id not found!
2023-06-29 22:49:00,378 - logger_ser - ERROR - app.ocr_type_document():86 - 
Traceback (most recent call last):
  File "/media/HDD1/hai/api-server-template/server/app.py", line 77, in ocr_type_document
    raise Exception
Exception
